\BOOKMARK [0][-]{chapter.1}{Introduction}{}% 1
\BOOKMARK [1][-]{section.1.1}{Context of the internship}{chapter.1}% 2
\BOOKMARK [1][-]{section.1.2}{Objective and challenges}{chapter.1}% 3
\BOOKMARK [1][-]{section.1.3}{Proposed methodology}{chapter.1}% 4
\BOOKMARK [0][-]{chapter.2}{State-of-Art}{}% 5
\BOOKMARK [0][-]{chapter.3}{Theoretical Background}{}% 6
\BOOKMARK [1][-]{section.3.1}{Mathematical morphology}{chapter.3}% 7
\BOOKMARK [1][-]{section.3.2}{Digital topology and Self-Duality}{chapter.3}% 8
\BOOKMARK [2][-]{subsection.3.2.1}{Basic notions of digital topology}{section.3.2}% 9
\BOOKMARK [2][-]{subsection.3.2.2}{Self-Duality}{section.3.2}% 10
\BOOKMARK [1][-]{section.3.3}{Well-composed Images}{chapter.3}% 11
\BOOKMARK [1][-]{section.3.4}{Connected filter}{chapter.3}% 12
\BOOKMARK [2][-]{subsection.3.4.1}{Morphological Tree-Based Image Representation}{section.3.4}% 13
\BOOKMARK [0][-]{chapter.4}{Approach}{}% 14
\BOOKMARK [1][-]{section.4.1}{Hypothesis}{chapter.4}% 15
\BOOKMARK [1][-]{section.4.2}{The Tree of Shapes of the Laplacian}{chapter.4}% 16
\BOOKMARK [0][-]{chapter.5}{Implementation}{}% 17
\BOOKMARK [1][-]{section.5.1}{Gray-level conversion and well-composed interpolation}{chapter.5}% 18
\BOOKMARK [1][-]{section.5.2}{Objects labeling}{chapter.5}% 19
\BOOKMARK [2][-]{subsection.5.2.1}{Labeling by front propagation}{section.5.2}% 20
\BOOKMARK [2][-]{subsection.5.2.2}{Average gradient on contour calculation}{section.5.2}% 21
\BOOKMARK [1][-]{section.5.3}{Component grouping and bounding box calculation}{chapter.5}% 22
